This file contains any messages produced by compilers while
running configure, to aid debugging if configure makes a mistake.

It was created by masstree-beta configure 0.1, which was
generated by GNU Autoconf 2.71.  Invocation command line was

  $ ./configure CC=/usr/bin/gcc CXX=/usr/bin/g++ --enable-max-key-len=1024 --enable-assertions --disable-invariants --disable-preconditions --with-malloc=jemalloc

## --------- ##
## Platform. ##
## --------- ##

hostname = zoo-005
uname -m = x86_64
uname -r = 6.8.12-11-pve
uname -s = Linux
uname -v = #1 SMP PREEMPT_DYNAMIC PMX 6.8.12-11 (2025-05-22T09:39Z)

/usr/bin/uname -p = unknown
/bin/uname -X     = unknown

/bin/arch              = x86_64
/usr/bin/arch -k       = unknown
/usr/convex/getsysinfo = unknown
/usr/bin/hostinfo      = unknown
/bin/machine           = unknown
/usr/bin/oslevel       = unknown
/bin/universe          = unknown

PATH: /home/shuai/.local/bin/
PATH: /usr/sbin/
PATH: /usr/local/sbin/
PATH: /usr/local/bin/
PATH: /usr/bin/
PATH: /bin/
PATH: /usr/local/games/
PATH: /usr/games/
PATH: /snap/bin/


## ----------- ##
## Core tests. ##
## ----------- ##

configure:3021: checking for gcc
configure:3053: result: /usr/bin/gcc
configure:3406: checking for C compiler version
configure:3415: /usr/bin/gcc --version >&5
gcc (Debian 12.2.0-14+deb12u1) 12.2.0
Copyright (C) 2022 Free Software Foundation, Inc.
This is free software; see the source for copying conditions.  There is NO
warranty; not even for MERCHANTABILITY or FITNESS FOR A PARTICULAR PURPOSE.

configure:3426: $? = 0
configure:3415: /usr/bin/gcc -v >&5
Using built-in specs.
COLLECT_GCC=/usr/bin/gcc
COLLECT_LTO_WRAPPER=/usr/lib/gcc/x86_64-linux-gnu/12/lto-wrapper
OFFLOAD_TARGET_NAMES=nvptx-none:amdgcn-amdhsa
OFFLOAD_TARGET_DEFAULT=1
Target: x86_64-linux-gnu
Configured with: ../src/configure -v --with-pkgversion='Debian 12.2.0-14+deb12u1' --with-bugurl=file:///usr/share/doc/gcc-12/README.Bugs --enable-languages=c,ada,c++,go,d,fortran,objc,obj-c++,m2 --prefix=/usr --with-gcc-major-version-only --program-suffix=-12 --program-prefix=x86_64-linux-gnu- --enable-shared --enable-linker-build-id --libexecdir=/usr/lib --without-included-gettext --enable-threads=posix --libdir=/usr/lib --enable-nls --enable-clocale=gnu --enable-libstdcxx-debug --enable-libstdcxx-time=yes --with-default-libstdcxx-abi=new --enable-gnu-unique-object --disable-vtable-verify --enable-plugin --enable-default-pie --with-system-zlib --enable-libphobos-checking=release --with-target-system-zlib=auto --enable-objc-gc=auto --enable-multiarch --disable-werror --enable-cet --with-arch-32=i686 --with-abi=m64 --with-multilib-list=m32,m64,mx32 --enable-multilib --with-tune=generic --enable-offload-targets=nvptx-none=/build/reproducible-path/gcc-12-12.2.0/debian/tmp-nvptx/usr,amdgcn-amdhsa=/build/reproducible-path/gcc-12-12.2.0/debian/tmp-gcn/usr --enable-offload-defaulted --without-cuda-driver --enable-checking=release --build=x86_64-linux-gnu --host=x86_64-linux-gnu --target=x86_64-linux-gnu
Thread model: posix
Supported LTO compression algorithms: zlib zstd
gcc version 12.2.0 (Debian 12.2.0-14+deb12u1) 
... rest of stderr output deleted ...
configure:3426: $? = 0
configure:3415: /usr/bin/gcc -V >&5
gcc: error: unrecognized command-line option '-V'
gcc: fatal error: no input files
compilation terminated.
configure:3426: $? = 1
configure:3415: /usr/bin/gcc -qversion >&5
gcc: error: unrecognized command-line option '-qversion'; did you mean '--version'?
gcc: fatal error: no input files
compilation terminated.
configure:3426: $? = 1
configure:3415: /usr/bin/gcc -version >&5
gcc: error: unrecognized command-line option '-version'
gcc: fatal error: no input files
compilation terminated.
configure:3426: $? = 1
configure:3446: checking whether the C compiler works
configure:3468: /usr/bin/gcc    conftest.c  >&5
configure:3472: $? = 0
configure:3522: result: yes
configure:3525: checking for C compiler default output file name
configure:3527: result: a.out
configure:3533: checking for suffix of executables
configure:3540: /usr/bin/gcc -o conftest    conftest.c  >&5
configure:3544: $? = 0
configure:3567: result: 
configure:3589: checking whether we are cross compiling
configure:3597: /usr/bin/gcc -o conftest    conftest.c  >&5
configure:3601: $? = 0
configure:3608: ./conftest
configure:3612: $? = 0
configure:3627: result: no
configure:3632: checking for suffix of object files
configure:3655: /usr/bin/gcc -c   conftest.c >&5
configure:3659: $? = 0
configure:3681: result: o
configure:3685: checking whether the compiler supports GNU C
configure:3705: /usr/bin/gcc -c   conftest.c >&5
configure:3705: $? = 0
configure:3715: result: yes
configure:3726: checking whether /usr/bin/gcc accepts -g
configure:3747: /usr/bin/gcc -c -g  conftest.c >&5
configure:3747: $? = 0
configure:3791: result: yes
configure:3811: checking for /usr/bin/gcc option to enable C11 features
configure:3826: /usr/bin/gcc  -c -g -O2  conftest.c >&5
configure:3826: $? = 0
configure:3844: result: none needed
configure:4082: checking for C++ compiler version
configure:4091: /usr/bin/g++ --version >&5
g++ (Debian 12.2.0-14+deb12u1) 12.2.0
Copyright (C) 2022 Free Software Foundation, Inc.
This is free software; see the source for copying conditions.  There is NO
warranty; not even for MERCHANTABILITY or FITNESS FOR A PARTICULAR PURPOSE.

configure:4102: $? = 0
configure:4091: /usr/bin/g++ -v >&5
Using built-in specs.
COLLECT_GCC=/usr/bin/g++
COLLECT_LTO_WRAPPER=/usr/lib/gcc/x86_64-linux-gnu/12/lto-wrapper
OFFLOAD_TARGET_NAMES=nvptx-none:amdgcn-amdhsa
OFFLOAD_TARGET_DEFAULT=1
Target: x86_64-linux-gnu
Configured with: ../src/configure -v --with-pkgversion='Debian 12.2.0-14+deb12u1' --with-bugurl=file:///usr/share/doc/gcc-12/README.Bugs --enable-languages=c,ada,c++,go,d,fortran,objc,obj-c++,m2 --prefix=/usr --with-gcc-major-version-only --program-suffix=-12 --program-prefix=x86_64-linux-gnu- --enable-shared --enable-linker-build-id --libexecdir=/usr/lib --without-included-gettext --enable-threads=posix --libdir=/usr/lib --enable-nls --enable-clocale=gnu --enable-libstdcxx-debug --enable-libstdcxx-time=yes --with-default-libstdcxx-abi=new --enable-gnu-unique-object --disable-vtable-verify --enable-plugin --enable-default-pie --with-system-zlib --enable-libphobos-checking=release --with-target-system-zlib=auto --enable-objc-gc=auto --enable-multiarch --disable-werror --enable-cet --with-arch-32=i686 --with-abi=m64 --with-multilib-list=m32,m64,mx32 --enable-multilib --with-tune=generic --enable-offload-targets=nvptx-none=/build/reproducible-path/gcc-12-12.2.0/debian/tmp-nvptx/usr,amdgcn-amdhsa=/build/reproducible-path/gcc-12-12.2.0/debian/tmp-gcn/usr --enable-offload-defaulted --without-cuda-driver --enable-checking=release --build=x86_64-linux-gnu --host=x86_64-linux-gnu --target=x86_64-linux-gnu
Thread model: posix
Supported LTO compression algorithms: zlib zstd
gcc version 12.2.0 (Debian 12.2.0-14+deb12u1) 
... rest of stderr output deleted ...
configure:4102: $? = 0
configure:4091: /usr/bin/g++ -V >&5
g++: error: unrecognized command-line option '-V'
g++: fatal error: no input files
compilation terminated.
configure:4102: $? = 1
configure:4091: /usr/bin/g++ -qversion >&5
g++: error: unrecognized command-line option '-qversion'; did you mean '--version'?
g++: fatal error: no input files
compilation terminated.
configure:4102: $? = 1
configure:4106: checking whether the compiler supports GNU C++
configure:4126: /usr/bin/g++ -c -g -W -Wall -O3  conftest.cpp >&5
configure:4126: $? = 0
configure:4136: result: yes
configure:4147: checking whether /usr/bin/g++ accepts -g
configure:4168: /usr/bin/g++ -c -g  conftest.cpp >&5
configure:4168: $? = 0
configure:4212: result: yes
configure:4232: checking for /usr/bin/g++ option to enable C++11 features
configure:4247: /usr/bin/g++  -c -g -W -Wall -O3  conftest.cpp >&5
conftest.cpp: In function 'int main(int, char**)':
conftest.cpp:132:8: warning: unused variable 'a1' [-Wunused-variable]
  132 |   auto a1 = 6538;
      |        ^~
conftest.cpp:139:16: warning: unused variable 'a4' [-Wunused-variable]
  139 |   decltype(a2) a4 = 34895.034;
      |                ^~
conftest.cpp:143:9: warning: unused variable 'sa' [-Wunused-variable]
  143 |   short sa[cxx11test::get_val()] = { 0 };
      |         ^~
conftest.cpp:147:23: warning: unused variable 'il' [-Wunused-variable]
  147 |   cxx11test::testinit il = { 4323, 435234.23544 };
      |                       ^~
conftest.cpp:168:8: warning: unused variable 'a' [-Wunused-variable]
  168 |   auto a = sum(1);
      |        ^
conftest.cpp:169:8: warning: unused variable 'b' [-Wunused-variable]
  169 |   auto b = sum(1, 2);
      |        ^
conftest.cpp:170:8: warning: unused variable 'c' [-Wunused-variable]
  170 |   auto c = sum(1.0, 2.0, 3.0);
      |        ^
conftest.cpp:175:25: warning: empty parentheses were disambiguated as a function declaration [-Wvexing-parse]
  175 |   cxx11test::delegate d2();
      |                         ^~
conftest.cpp:175:25: note: remove parentheses to default-initialize a variable
  175 |   cxx11test::delegate d2();
      |                         ^~
      |                         --
conftest.cpp:175:25: note: or replace parentheses with braces to value-initialize a variable
conftest.cpp:184:9: warning: unused variable 'c' [-Wunused-variable]
  184 |   char *c = nullptr;
      |         ^
conftest.cpp:192:15: warning: unused variable 'utf8' [-Wunused-variable]
  192 |   char const *utf8 = u8"UTF-8 string \u2500";
      |               ^~~~
conftest.cpp:193:19: warning: unused variable 'utf16' [-Wunused-variable]
  193 |   char16_t const *utf16 = u"UTF-8 string \u2500";
      |                   ^~~~~
conftest.cpp:194:19: warning: unused variable 'utf32' [-Wunused-variable]
  194 |   char32_t const *utf32 = U"UTF-32 string \u2500";
      |                   ^~~~~
configure:4247: $? = 0
configure:4265: result: none needed
configure:4344: checking for stdio.h
configure:4344: /usr/bin/g++ -c -g -W -Wall -O3  conftest.cpp >&5
configure:4344: $? = 0
configure:4344: result: yes
configure:4344: checking for stdlib.h
configure:4344: /usr/bin/g++ -c -g -W -Wall -O3  conftest.cpp >&5
configure:4344: $? = 0
configure:4344: result: yes
configure:4344: checking for string.h
configure:4344: /usr/bin/g++ -c -g -W -Wall -O3  conftest.cpp >&5
configure:4344: $? = 0
configure:4344: result: yes
configure:4344: checking for inttypes.h
configure:4344: /usr/bin/g++ -c -g -W -Wall -O3  conftest.cpp >&5
configure:4344: $? = 0
configure:4344: result: yes
configure:4344: checking for stdint.h
configure:4344: /usr/bin/g++ -c -g -W -Wall -O3  conftest.cpp >&5
configure:4344: $? = 0
configure:4344: result: yes
configure:4344: checking for strings.h
configure:4344: /usr/bin/g++ -c -g -W -Wall -O3  conftest.cpp >&5
configure:4344: $? = 0
configure:4344: result: yes
configure:4344: checking for sys/stat.h
configure:4344: /usr/bin/g++ -c -g -W -Wall -O3  conftest.cpp >&5
configure:4344: $? = 0
configure:4344: result: yes
configure:4344: checking for sys/types.h
configure:4344: /usr/bin/g++ -c -g -W -Wall -O3  conftest.cpp >&5
configure:4344: $? = 0
configure:4344: result: yes
configure:4344: checking for unistd.h
configure:4344: /usr/bin/g++ -c -g -W -Wall -O3  conftest.cpp >&5
configure:4344: $? = 0
configure:4344: result: yes
configure:4369: checking whether byte ordering is bigendian
configure:4385: /usr/bin/g++ -c -g -W -Wall -O3  conftest.cpp >&5
conftest.cpp:21:16: error: expected unqualified-id before 'not' token
   21 |                not a universal capable compiler
      |                ^~~
configure:4385: $? = 1
configure: failed program was:
| /* confdefs.h */
| #define PACKAGE_NAME "masstree-beta"
| #define PACKAGE_TARNAME "masstree-beta"
| #define PACKAGE_VERSION "0.1"
| #define PACKAGE_STRING "masstree-beta 0.1"
| #define PACKAGE_BUGREPORT ""
| #define PACKAGE_URL ""
| #define WORDS_BIGENDIAN_SET 1
| #define HAVE_STDIO_H 1
| #define HAVE_STDLIB_H 1
| #define HAVE_STRING_H 1
| #define HAVE_INTTYPES_H 1
| #define HAVE_STDINT_H 1
| #define HAVE_STRINGS_H 1
| #define HAVE_SYS_STAT_H 1
| #define HAVE_SYS_TYPES_H 1
| #define HAVE_UNISTD_H 1
| #define STDC_HEADERS 1
| /* end confdefs.h.  */
| #ifndef __APPLE_CC__
| 	       not a universal capable compiler
| 	     #endif
| 	     typedef int dummy;
| 
configure:4431: /usr/bin/g++ -c -g -W -Wall -O3  conftest.cpp >&5
configure:4431: $? = 0
configure:4450: /usr/bin/g++ -c -g -W -Wall -O3  conftest.cpp >&5
conftest.cpp: In function 'int main()':
conftest.cpp:27:22: error: 'big' was not declared in this scope
   27 |                  not big endian
      |                      ^~~
configure:4450: $? = 1
configure: failed program was:
| /* confdefs.h */
| #define PACKAGE_NAME "masstree-beta"
| #define PACKAGE_TARNAME "masstree-beta"
| #define PACKAGE_VERSION "0.1"
| #define PACKAGE_STRING "masstree-beta 0.1"
| #define PACKAGE_BUGREPORT ""
| #define PACKAGE_URL ""
| #define WORDS_BIGENDIAN_SET 1
| #define HAVE_STDIO_H 1
| #define HAVE_STDLIB_H 1
| #define HAVE_STRING_H 1
| #define HAVE_INTTYPES_H 1
| #define HAVE_STDINT_H 1
| #define HAVE_STRINGS_H 1
| #define HAVE_SYS_STAT_H 1
| #define HAVE_SYS_TYPES_H 1
| #define HAVE_UNISTD_H 1
| #define STDC_HEADERS 1
| /* end confdefs.h.  */
| #include <sys/types.h>
| 		#include <sys/param.h>
| 
| int
| main (void)
| {
| #if BYTE_ORDER != BIG_ENDIAN
| 		 not big endian
| 		#endif
| 
|   ;
|   return 0;
| }
configure:4584: result: no
configure:4603: checking for sys/epoll.h
configure:4603: /usr/bin/g++ -c -g -W -Wall -O3  conftest.cpp >&5
configure:4603: $? = 0
configure:4603: result: yes
configure:4609: checking for numa.h
configure:4609: /usr/bin/g++ -c -g -W -Wall -O3  conftest.cpp >&5
configure:4609: $? = 0
configure:4609: result: yes
configure:4617: checking for library containing numa_available
configure:4646: /usr/bin/g++ -o conftest -g -W -Wall -O3   conftest.cpp  >&5
/usr/bin/ld: /tmp/ccRfjxXy.o: in function `main':
/home/shuai/git/janus/src/warbler/masstree/conftest.cpp:29: undefined reference to `numa_available'
collect2: error: ld returned 1 exit status
configure:4646: $? = 1
configure: failed program was:
| /* confdefs.h */
| #define PACKAGE_NAME "masstree-beta"
| #define PACKAGE_TARNAME "masstree-beta"
| #define PACKAGE_VERSION "0.1"
| #define PACKAGE_STRING "masstree-beta 0.1"
| #define PACKAGE_BUGREPORT ""
| #define PACKAGE_URL ""
| #define WORDS_BIGENDIAN_SET 1
| #define HAVE_STDIO_H 1
| #define HAVE_STDLIB_H 1
| #define HAVE_STRING_H 1
| #define HAVE_INTTYPES_H 1
| #define HAVE_STDINT_H 1
| #define HAVE_STRINGS_H 1
| #define HAVE_SYS_STAT_H 1
| #define HAVE_SYS_TYPES_H 1
| #define HAVE_UNISTD_H 1
| #define STDC_HEADERS 1
| #define HAVE_SYS_EPOLL_H 1
| #define HAVE_NUMA_H 1
| /* end confdefs.h.  */
| 
| namespace conftest {
|   extern "C" int numa_available ();
| }
| int
| main (void)
| {
| return conftest::numa_available ();
|   ;
|   return 0;
| }
configure:4646: /usr/bin/g++ -o conftest -g -W -Wall -O3   conftest.cpp -lnuma   >&5
configure:4646: $? = 0
configure:4666: result: -lnuma
configure:4683: checking for __builtin_clz builtin
configure:4700: /usr/bin/g++ -o conftest -g -W -Wall -O3   conftest.cpp -lnuma  >&5
configure:4700: $? = 0
configure:4709: result: yes
configure:4719: checking for __builtin_clzl builtin
configure:4736: /usr/bin/g++ -o conftest -g -W -Wall -O3   conftest.cpp -lnuma  >&5
configure:4736: $? = 0
configure:4745: result: yes
configure:4755: checking for __builtin_clzll builtin
configure:4772: /usr/bin/g++ -o conftest -g -W -Wall -O3   conftest.cpp -lnuma  >&5
configure:4772: $? = 0
configure:4781: result: yes
configure:4791: checking for __builtin_ctz builtin
configure:4808: /usr/bin/g++ -o conftest -g -W -Wall -O3   conftest.cpp -lnuma  >&5
configure:4808: $? = 0
configure:4817: result: yes
configure:4827: checking for __builtin_ctzl builtin
configure:4844: /usr/bin/g++ -o conftest -g -W -Wall -O3   conftest.cpp -lnuma  >&5
configure:4844: $? = 0
configure:4853: result: yes
configure:4863: checking for __builtin_ctzll builtin
configure:4880: /usr/bin/g++ -o conftest -g -W -Wall -O3   conftest.cpp -lnuma  >&5
configure:4880: $? = 0
configure:4889: result: yes
configure:4899: checking for __sync_synchronize builtin
configure:4917: /usr/bin/g++ -o conftest -g -W -Wall -O3   conftest.cpp -lnuma  >&5
configure:4917: $? = 0
configure:4926: result: yes
configure:4936: checking for __sync_fetch_and_add builtin
configure:4953: /usr/bin/g++ -o conftest -g -W -Wall -O3   conftest.cpp -lnuma  >&5
configure:4953: $? = 0
configure:4962: result: yes
configure:4972: checking for __sync_add_and_fetch builtin
configure:4989: /usr/bin/g++ -o conftest -g -W -Wall -O3   conftest.cpp -lnuma  >&5
configure:4989: $? = 0
configure:4998: result: yes
configure:5008: checking for __sync_fetch_and_add_8 builtin
configure:5026: /usr/bin/g++ -o conftest -g -W -Wall -O3   conftest.cpp -lnuma  >&5
configure:5026: $? = 0
configure:5035: result: yes
configure:5045: checking for __sync_add_and_fetch_8 builtin
configure:5063: /usr/bin/g++ -o conftest -g -W -Wall -O3   conftest.cpp -lnuma  >&5
configure:5063: $? = 0
configure:5072: result: yes
configure:5082: checking for __sync_fetch_and_or builtin
configure:5099: /usr/bin/g++ -o conftest -g -W -Wall -O3   conftest.cpp -lnuma  >&5
configure:5099: $? = 0
configure:5108: result: yes
configure:5118: checking for __sync_or_and_fetch builtin
configure:5135: /usr/bin/g++ -o conftest -g -W -Wall -O3   conftest.cpp -lnuma  >&5
configure:5135: $? = 0
configure:5144: result: yes
configure:5154: checking for __sync_fetch_and_or_8 builtin
configure:5172: /usr/bin/g++ -o conftest -g -W -Wall -O3   conftest.cpp -lnuma  >&5
configure:5172: $? = 0
configure:5181: result: yes
configure:5191: checking for __sync_or_and_fetch_8 builtin
configure:5209: /usr/bin/g++ -o conftest -g -W -Wall -O3   conftest.cpp -lnuma  >&5
configure:5209: $? = 0
configure:5218: result: yes
configure:5228: checking for __sync_bool_compare_and_swap builtin
configure:5245: /usr/bin/g++ -o conftest -g -W -Wall -O3   conftest.cpp -lnuma  >&5
configure:5245: $? = 0
configure:5254: result: yes
configure:5264: checking for __sync_bool_compare_and_swap_8 builtin
configure:5282: /usr/bin/g++ -o conftest -g -W -Wall -O3   conftest.cpp -lnuma  >&5
configure:5282: $? = 0
configure:5291: result: yes
configure:5301: checking for __sync_val_compare_and_swap builtin
configure:5318: /usr/bin/g++ -o conftest -g -W -Wall -O3   conftest.cpp -lnuma  >&5
configure:5318: $? = 0
configure:5327: result: yes
configure:5337: checking for __sync_val_compare_and_swap_8 builtin
configure:5355: /usr/bin/g++ -o conftest -g -W -Wall -O3   conftest.cpp -lnuma  >&5
configure:5355: $? = 0
configure:5364: result: yes
configure:5374: checking for __sync_lock_test_and_set builtin
configure:5391: /usr/bin/g++ -o conftest -g -W -Wall -O3   conftest.cpp -lnuma  >&5
configure:5391: $? = 0
configure:5400: result: yes
configure:5410: checking for __sync_lock_test_and_set_val builtin
configure:5427: /usr/bin/g++ -o conftest -g -W -Wall -O3   conftest.cpp -lnuma  >&5
configure:5427: $? = 0
configure:5436: result: yes
configure:5446: checking for __sync_lock_release_set builtin
configure:5463: /usr/bin/g++ -o conftest -g -W -Wall -O3   conftest.cpp -lnuma  >&5
configure:5463: $? = 0
configure:5472: result: yes
configure:5486: checking whether the C++ compiler understands 'auto'
configure:5504: /usr/bin/g++ -c -g -W -Wall -O3  conftest.cpp >&5
configure:5504: $? = 0
configure:5512: result: yes
configure:5553: checking whether the C++ compiler understands constexpr
configure:5571: /usr/bin/g++ -c -g -W -Wall -O3  conftest.cpp >&5
configure:5571: $? = 0
configure:5579: result: yes
configure:5616: checking whether the C++ compiler understands static_assert
configure:5634: /usr/bin/g++ -c -g -W -Wall -O3  conftest.cpp >&5
configure:5634: $? = 0
configure:5642: result: yes
configure:5679: checking whether the C++ compiler understands rvalue references
configure:5697: /usr/bin/g++ -c -g -W -Wall -O3  conftest.cpp >&5
configure:5697: $? = 0
configure:5705: result: yes
configure:5742: checking whether the C++ compiler understands template alias
configure:5760: /usr/bin/g++ -c -g -W -Wall -O3  conftest.cpp >&5
configure:5760: $? = 0
configure:5768: result: yes
configure:5804: checking for type_traits
configure:5804: /usr/bin/g++ -c -g -W -Wall -O3  conftest.cpp >&5
configure:5804: $? = 0
configure:5804: result: yes
configure:5813: checking for std::hash
configure:5832: /usr/bin/g++ -c -g -W -Wall -O3  conftest.cpp >&5
configure:5832: $? = 0
configure:5840: result: yes
configure:5878: checking for __has_trivial_copy
configure:5896: /usr/bin/g++ -c -g -W -Wall -O3  conftest.cpp >&5
conftest.cpp: In function 'int main()':
conftest.cpp:55:6: warning: variable 'x' set but not used [-Wunused-but-set-variable]
   55 | long x = 1; if (__has_trivial_copy(long)) x = 0;
      |      ^
configure:5896: $? = 0
configure:5904: result: yes
configure:5941: checking for __has_trivial_destructor
configure:5959: /usr/bin/g++ -c -g -W -Wall -O3  conftest.cpp >&5
conftest.cpp: In function 'int main()':
conftest.cpp:56:6: warning: variable 'x' set but not used [-Wunused-but-set-variable]
   56 | long x = 1; if (__has_trivial_destructor(long)) x = 0;
      |      ^
configure:5959: $? = 0
configure:5967: result: yes
configure:6005: checking for std::move
configure:6023: /usr/bin/g++ -c -g -W -Wall -O3  conftest.cpp >&5
conftest.cpp: In function 'int main()':
conftest.cpp:57:20: warning: unused variable 'y' [-Wunused-variable]
   57 | long x = 0; long &&y = std::move(x);
      |                    ^
configure:6023: $? = 0
configure:6031: result: yes
configure:6072: checking for std::is_trivially_copyable
configure:6090: /usr/bin/g++ -c -g -W -Wall -O3  conftest.cpp >&5
configure:6090: $? = 0
configure:6098: result: yes
configure:6135: checking for std::is_trivially_destructible
configure:6153: /usr/bin/g++ -c -g -W -Wall -O3  conftest.cpp >&5
configure:6153: $? = 0
configure:6161: result: yes
configure:6198: checking for std::is_rvalue_reference
configure:6216: /usr/bin/g++ -c -g -W -Wall -O3  conftest.cpp >&5
configure:6216: $? = 0
configure:6224: result: yes
configure:6262: checking for malloc in -lflow
configure:6284: /usr/bin/g++ -o conftest -g -W -Wall -O3   conftest.cpp -lflow  -lnuma  >&5
/usr/bin/ld: cannot find -lflow: No such file or directory
collect2: error: ld returned 1 exit status
configure:6284: $? = 1
configure: failed program was:
| /* confdefs.h */
| #define PACKAGE_NAME "masstree-beta"
| #define PACKAGE_TARNAME "masstree-beta"
| #define PACKAGE_VERSION "0.1"
| #define PACKAGE_STRING "masstree-beta 0.1"
| #define PACKAGE_BUGREPORT ""
| #define PACKAGE_URL ""
| #define WORDS_BIGENDIAN_SET 1
| #define HAVE_STDIO_H 1
| #define HAVE_STDLIB_H 1
| #define HAVE_STRING_H 1
| #define HAVE_INTTYPES_H 1
| #define HAVE_STDINT_H 1
| #define HAVE_STRINGS_H 1
| #define HAVE_SYS_STAT_H 1
| #define HAVE_SYS_TYPES_H 1
| #define HAVE_UNISTD_H 1
| #define STDC_HEADERS 1
| #define HAVE_SYS_EPOLL_H 1
| #define HAVE_NUMA_H 1
| #define HAVE_LIBNUMA 1
| #define HAVE___BUILTIN_CLZ 1
| #define HAVE___BUILTIN_CLZL 1
| #define HAVE___BUILTIN_CLZLL 1
| #define HAVE___BUILTIN_CTZ 1
| #define HAVE___BUILTIN_CTZL 1
| #define HAVE___BUILTIN_CTZLL 1
| #define HAVE___SYNC_SYNCHRONIZE 1
| #define HAVE___SYNC_FETCH_AND_ADD 1
| #define HAVE___SYNC_ADD_AND_FETCH 1
| #define HAVE___SYNC_FETCH_AND_ADD_8 1
| #define HAVE___SYNC_ADD_AND_FETCH_8 1
| #define HAVE___SYNC_FETCH_AND_OR 1
| #define HAVE___SYNC_OR_AND_FETCH 1
| #define HAVE___SYNC_FETCH_AND_OR_8 1
| #define HAVE___SYNC_OR_AND_FETCH_8 1
| #define HAVE___SYNC_BOOL_COMPARE_AND_SWAP 1
| #define HAVE___SYNC_BOOL_COMPARE_AND_SWAP_8 1
| #define HAVE___SYNC_VAL_COMPARE_AND_SWAP 1
| #define HAVE___SYNC_VAL_COMPARE_AND_SWAP_8 1
| #define HAVE___SYNC_LOCK_TEST_AND_SET 1
| #define HAVE___SYNC_LOCK_TEST_AND_SET_VAL 1
| #define HAVE___SYNC_LOCK_RELEASE_SET 1
| #define HAVE_CXX_CONSTEXPR 1
| #define HAVE_CXX_STATIC_ASSERT 1
| #define HAVE_CXX_RVALUE_REFERENCES 1
| #define HAVE_CXX_TEMPLATE_ALIAS 1
| #define HAVE_TYPE_TRAITS 1
| #define HAVE_STD_HASH 1
| #define HAVE___HAS_TRIVIAL_COPY 1
| #define HAVE___HAS_TRIVIAL_DESTRUCTOR 1
| #define HAVE_STD_IS_TRIVIALLY_COPYABLE 1
| #define HAVE_STD_IS_TRIVIALLY_DESTRUCTIBLE 1
| #define HAVE_STD_IS_RVALUE_REFERENCE 1
| /* end confdefs.h.  */
| 
| namespace conftest {
|   extern "C" int malloc ();
| }
| int
| main (void)
| {
| return conftest::malloc ();
|   ;
|   return 0;
| }
configure:6294: result: no
configure:6303: checking for mallctl in -ljemalloc
configure:6325: /usr/bin/g++ -o conftest -g -W -Wall -O3   conftest.cpp -ljemalloc  -lnuma  >&5
configure:6325: $? = 0
configure:6335: result: yes
configure:6344: checking for tc_malloc in -ltcmalloc_minimal
configure:6366: /usr/bin/g++ -o conftest -g -W -Wall -O3   conftest.cpp -ltcmalloc_minimal  -lnuma  >&5
configure:6366: $? = 0
configure:6376: result: yes
configure:6385: checking for _Z16getMainHoardHeapv in -lhoard
configure:6407: /usr/bin/g++ -o conftest -g -W -Wall -O3   conftest.cpp -lhoard  -lnuma  >&5
/usr/bin/ld: cannot find -lhoard: No such file or directory
collect2: error: ld returned 1 exit status
configure:6407: $? = 1
configure: failed program was:
| /* confdefs.h */
| #define PACKAGE_NAME "masstree-beta"
| #define PACKAGE_TARNAME "masstree-beta"
| #define PACKAGE_VERSION "0.1"
| #define PACKAGE_STRING "masstree-beta 0.1"
| #define PACKAGE_BUGREPORT ""
| #define PACKAGE_URL ""
| #define WORDS_BIGENDIAN_SET 1
| #define HAVE_STDIO_H 1
| #define HAVE_STDLIB_H 1
| #define HAVE_STRING_H 1
| #define HAVE_INTTYPES_H 1
| #define HAVE_STDINT_H 1
| #define HAVE_STRINGS_H 1
| #define HAVE_SYS_STAT_H 1
| #define HAVE_SYS_TYPES_H 1
| #define HAVE_UNISTD_H 1
| #define STDC_HEADERS 1
| #define HAVE_SYS_EPOLL_H 1
| #define HAVE_NUMA_H 1
| #define HAVE_LIBNUMA 1
| #define HAVE___BUILTIN_CLZ 1
| #define HAVE___BUILTIN_CLZL 1
| #define HAVE___BUILTIN_CLZLL 1
| #define HAVE___BUILTIN_CTZ 1
| #define HAVE___BUILTIN_CTZL 1
| #define HAVE___BUILTIN_CTZLL 1
| #define HAVE___SYNC_SYNCHRONIZE 1
| #define HAVE___SYNC_FETCH_AND_ADD 1
| #define HAVE___SYNC_ADD_AND_FETCH 1
| #define HAVE___SYNC_FETCH_AND_ADD_8 1
| #define HAVE___SYNC_ADD_AND_FETCH_8 1
| #define HAVE___SYNC_FETCH_AND_OR 1
| #define HAVE___SYNC_OR_AND_FETCH 1
| #define HAVE___SYNC_FETCH_AND_OR_8 1
| #define HAVE___SYNC_OR_AND_FETCH_8 1
| #define HAVE___SYNC_BOOL_COMPARE_AND_SWAP 1
| #define HAVE___SYNC_BOOL_COMPARE_AND_SWAP_8 1
| #define HAVE___SYNC_VAL_COMPARE_AND_SWAP 1
| #define HAVE___SYNC_VAL_COMPARE_AND_SWAP_8 1
| #define HAVE___SYNC_LOCK_TEST_AND_SET 1
| #define HAVE___SYNC_LOCK_TEST_AND_SET_VAL 1
| #define HAVE___SYNC_LOCK_RELEASE_SET 1
| #define HAVE_CXX_CONSTEXPR 1
| #define HAVE_CXX_STATIC_ASSERT 1
| #define HAVE_CXX_RVALUE_REFERENCES 1
| #define HAVE_CXX_TEMPLATE_ALIAS 1
| #define HAVE_TYPE_TRAITS 1
| #define HAVE_STD_HASH 1
| #define HAVE___HAS_TRIVIAL_COPY 1
| #define HAVE___HAS_TRIVIAL_DESTRUCTOR 1
| #define HAVE_STD_IS_TRIVIALLY_COPYABLE 1
| #define HAVE_STD_IS_TRIVIALLY_DESTRUCTIBLE 1
| #define HAVE_STD_IS_RVALUE_REFERENCE 1
| /* end confdefs.h.  */
| 
| namespace conftest {
|   extern "C" int _Z16getMainHoardHeapv ();
| }
| int
| main (void)
| {
| return conftest::_Z16getMainHoardHeapv ();
|   ;
|   return 0;
| }
configure:6417: result: no
configure:6459: checking for malloc library
configure:6473: result: -ljemalloc
configure:6502: checking whether off_t and long are the same type
configure:6520: /usr/bin/g++ -c -g -W -Wall -O3  conftest.cpp >&5
conftest.cpp:58:30: error: redefinition of 'int f(long int)'
   58 | int f(off_t) {return 0;} int f(long) {return 0;}
      |                              ^
conftest.cpp:58:5: note: 'int f(off_t)' previously defined here
   58 | int f(off_t) {return 0;} int f(long) {return 0;}
      |     ^
configure:6520: $? = 1
configure: failed program was:
| /* confdefs.h */
| #define PACKAGE_NAME "masstree-beta"
| #define PACKAGE_TARNAME "masstree-beta"
| #define PACKAGE_VERSION "0.1"
| #define PACKAGE_STRING "masstree-beta 0.1"
| #define PACKAGE_BUGREPORT ""
| #define PACKAGE_URL ""
| #define WORDS_BIGENDIAN_SET 1
| #define HAVE_STDIO_H 1
| #define HAVE_STDLIB_H 1
| #define HAVE_STRING_H 1
| #define HAVE_INTTYPES_H 1
| #define HAVE_STDINT_H 1
| #define HAVE_STRINGS_H 1
| #define HAVE_SYS_STAT_H 1
| #define HAVE_SYS_TYPES_H 1
| #define HAVE_UNISTD_H 1
| #define STDC_HEADERS 1
| #define HAVE_SYS_EPOLL_H 1
| #define HAVE_NUMA_H 1
| #define HAVE_LIBNUMA 1
| #define HAVE___BUILTIN_CLZ 1
| #define HAVE___BUILTIN_CLZL 1
| #define HAVE___BUILTIN_CLZLL 1
| #define HAVE___BUILTIN_CTZ 1
| #define HAVE___BUILTIN_CTZL 1
| #define HAVE___BUILTIN_CTZLL 1
| #define HAVE___SYNC_SYNCHRONIZE 1
| #define HAVE___SYNC_FETCH_AND_ADD 1
| #define HAVE___SYNC_ADD_AND_FETCH 1
| #define HAVE___SYNC_FETCH_AND_ADD_8 1
| #define HAVE___SYNC_ADD_AND_FETCH_8 1
| #define HAVE___SYNC_FETCH_AND_OR 1
| #define HAVE___SYNC_OR_AND_FETCH 1
| #define HAVE___SYNC_FETCH_AND_OR_8 1
| #define HAVE___SYNC_OR_AND_FETCH_8 1
| #define HAVE___SYNC_BOOL_COMPARE_AND_SWAP 1
| #define HAVE___SYNC_BOOL_COMPARE_AND_SWAP_8 1
| #define HAVE___SYNC_VAL_COMPARE_AND_SWAP 1
| #define HAVE___SYNC_VAL_COMPARE_AND_SWAP_8 1
| #define HAVE___SYNC_LOCK_TEST_AND_SET 1
| #define HAVE___SYNC_LOCK_TEST_AND_SET_VAL 1
| #define HAVE___SYNC_LOCK_RELEASE_SET 1
| #define HAVE_CXX_CONSTEXPR 1
| #define HAVE_CXX_STATIC_ASSERT 1
| #define HAVE_CXX_RVALUE_REFERENCES 1
| #define HAVE_CXX_TEMPLATE_ALIAS 1
| #define HAVE_TYPE_TRAITS 1
| #define HAVE_STD_HASH 1
| #define HAVE___HAS_TRIVIAL_COPY 1
| #define HAVE___HAS_TRIVIAL_DESTRUCTOR 1
| #define HAVE_STD_IS_TRIVIALLY_COPYABLE 1
| #define HAVE_STD_IS_TRIVIALLY_DESTRUCTIBLE 1
| #define HAVE_STD_IS_RVALUE_REFERENCE 1
| #define HAVE_JEMALLOC 1
| /* end confdefs.h.  */
| #include <stdio.h>
| int f(off_t) {return 0;} int f(long) {return 0;}
| int
| main (void)
| {
| 
|   ;
|   return 0;
| }
configure:6528: result: yes
configure:6539: checking whether off_t and long long are the same type
configure:6557: /usr/bin/g++ -c -g -W -Wall -O3  conftest.cpp >&5
configure:6557: $? = 0
configure:6565: result: no
configure:6576: checking whether int64_t and long are the same type
configure:6594: /usr/bin/g++ -c -g -W -Wall -O3  conftest.cpp >&5
conftest.cpp:59:32: error: redefinition of 'int f(long int)'
   59 | int f(int64_t) {return 0;} int f(long) {return 0;}
      |                                ^
conftest.cpp:59:5: note: 'int f(int64_t)' previously defined here
   59 | int f(int64_t) {return 0;} int f(long) {return 0;}
      |     ^
configure:6594: $? = 1
configure: failed program was:
| /* confdefs.h */
| #define PACKAGE_NAME "masstree-beta"
| #define PACKAGE_TARNAME "masstree-beta"
| #define PACKAGE_VERSION "0.1"
| #define PACKAGE_STRING "masstree-beta 0.1"
| #define PACKAGE_BUGREPORT ""
| #define PACKAGE_URL ""
| #define WORDS_BIGENDIAN_SET 1
| #define HAVE_STDIO_H 1
| #define HAVE_STDLIB_H 1
| #define HAVE_STRING_H 1
| #define HAVE_INTTYPES_H 1
| #define HAVE_STDINT_H 1
| #define HAVE_STRINGS_H 1
| #define HAVE_SYS_STAT_H 1
| #define HAVE_SYS_TYPES_H 1
| #define HAVE_UNISTD_H 1
| #define STDC_HEADERS 1
| #define HAVE_SYS_EPOLL_H 1
| #define HAVE_NUMA_H 1
| #define HAVE_LIBNUMA 1
| #define HAVE___BUILTIN_CLZ 1
| #define HAVE___BUILTIN_CLZL 1
| #define HAVE___BUILTIN_CLZLL 1
| #define HAVE___BUILTIN_CTZ 1
| #define HAVE___BUILTIN_CTZL 1
| #define HAVE___BUILTIN_CTZLL 1
| #define HAVE___SYNC_SYNCHRONIZE 1
| #define HAVE___SYNC_FETCH_AND_ADD 1
| #define HAVE___SYNC_ADD_AND_FETCH 1
| #define HAVE___SYNC_FETCH_AND_ADD_8 1
| #define HAVE___SYNC_ADD_AND_FETCH_8 1
| #define HAVE___SYNC_FETCH_AND_OR 1
| #define HAVE___SYNC_OR_AND_FETCH 1
| #define HAVE___SYNC_FETCH_AND_OR_8 1
| #define HAVE___SYNC_OR_AND_FETCH_8 1
| #define HAVE___SYNC_BOOL_COMPARE_AND_SWAP 1
| #define HAVE___SYNC_BOOL_COMPARE_AND_SWAP_8 1
| #define HAVE___SYNC_VAL_COMPARE_AND_SWAP 1
| #define HAVE___SYNC_VAL_COMPARE_AND_SWAP_8 1
| #define HAVE___SYNC_LOCK_TEST_AND_SET 1
| #define HAVE___SYNC_LOCK_TEST_AND_SET_VAL 1
| #define HAVE___SYNC_LOCK_RELEASE_SET 1
| #define HAVE_CXX_CONSTEXPR 1
| #define HAVE_CXX_STATIC_ASSERT 1
| #define HAVE_CXX_RVALUE_REFERENCES 1
| #define HAVE_CXX_TEMPLATE_ALIAS 1
| #define HAVE_TYPE_TRAITS 1
| #define HAVE_STD_HASH 1
| #define HAVE___HAS_TRIVIAL_COPY 1
| #define HAVE___HAS_TRIVIAL_DESTRUCTOR 1
| #define HAVE_STD_IS_TRIVIALLY_COPYABLE 1
| #define HAVE_STD_IS_TRIVIALLY_DESTRUCTIBLE 1
| #define HAVE_STD_IS_RVALUE_REFERENCE 1
| #define HAVE_JEMALLOC 1
| #define HAVE_OFF_T_IS_LONG 1
| /* end confdefs.h.  */
| #include <stdint.h>
| int f(int64_t) {return 0;} int f(long) {return 0;}
| int
| main (void)
| {
| 
|   ;
|   return 0;
| }
configure:6602: result: yes
configure:6613: checking whether int64_t and long long are the same type
configure:6631: /usr/bin/g++ -c -g -W -Wall -O3  conftest.cpp >&5
configure:6631: $? = 0
configure:6639: result: no
configure:6650: checking whether size_t and unsigned are the same type
configure:6668: /usr/bin/g++ -c -g -W -Wall -O3  conftest.cpp >&5
configure:6668: $? = 0
configure:6676: result: no
configure:6687: checking whether size_t and unsigned long are the same type
configure:6705: /usr/bin/g++ -c -g -W -Wall -O3  conftest.cpp >&5
conftest.cpp:60:31: error: redefinition of 'int f(long unsigned int)'
   60 | int f(size_t) {return 0;} int f(unsigned long) {return 0;}
      |                               ^
conftest.cpp:60:5: note: 'int f(size_t)' previously defined here
   60 | int f(size_t) {return 0;} int f(unsigned long) {return 0;}
      |     ^
configure:6705: $? = 1
configure: failed program was:
| /* confdefs.h */
| #define PACKAGE_NAME "masstree-beta"
| #define PACKAGE_TARNAME "masstree-beta"
| #define PACKAGE_VERSION "0.1"
| #define PACKAGE_STRING "masstree-beta 0.1"
| #define PACKAGE_BUGREPORT ""
| #define PACKAGE_URL ""
| #define WORDS_BIGENDIAN_SET 1
| #define HAVE_STDIO_H 1
| #define HAVE_STDLIB_H 1
| #define HAVE_STRING_H 1
| #define HAVE_INTTYPES_H 1
| #define HAVE_STDINT_H 1
| #define HAVE_STRINGS_H 1
| #define HAVE_SYS_STAT_H 1
| #define HAVE_SYS_TYPES_H 1
| #define HAVE_UNISTD_H 1
| #define STDC_HEADERS 1
| #define HAVE_SYS_EPOLL_H 1
| #define HAVE_NUMA_H 1
| #define HAVE_LIBNUMA 1
| #define HAVE___BUILTIN_CLZ 1
| #define HAVE___BUILTIN_CLZL 1
| #define HAVE___BUILTIN_CLZLL 1
| #define HAVE___BUILTIN_CTZ 1
| #define HAVE___BUILTIN_CTZL 1
| #define HAVE___BUILTIN_CTZLL 1
| #define HAVE___SYNC_SYNCHRONIZE 1
| #define HAVE___SYNC_FETCH_AND_ADD 1
| #define HAVE___SYNC_ADD_AND_FETCH 1
| #define HAVE___SYNC_FETCH_AND_ADD_8 1
| #define HAVE___SYNC_ADD_AND_FETCH_8 1
| #define HAVE___SYNC_FETCH_AND_OR 1
| #define HAVE___SYNC_OR_AND_FETCH 1
| #define HAVE___SYNC_FETCH_AND_OR_8 1
| #define HAVE___SYNC_OR_AND_FETCH_8 1
| #define HAVE___SYNC_BOOL_COMPARE_AND_SWAP 1
| #define HAVE___SYNC_BOOL_COMPARE_AND_SWAP_8 1
| #define HAVE___SYNC_VAL_COMPARE_AND_SWAP 1
| #define HAVE___SYNC_VAL_COMPARE_AND_SWAP_8 1
| #define HAVE___SYNC_LOCK_TEST_AND_SET 1
| #define HAVE___SYNC_LOCK_TEST_AND_SET_VAL 1
| #define HAVE___SYNC_LOCK_RELEASE_SET 1
| #define HAVE_CXX_CONSTEXPR 1
| #define HAVE_CXX_STATIC_ASSERT 1
| #define HAVE_CXX_RVALUE_REFERENCES 1
| #define HAVE_CXX_TEMPLATE_ALIAS 1
| #define HAVE_TYPE_TRAITS 1
| #define HAVE_STD_HASH 1
| #define HAVE___HAS_TRIVIAL_COPY 1
| #define HAVE___HAS_TRIVIAL_DESTRUCTOR 1
| #define HAVE_STD_IS_TRIVIALLY_COPYABLE 1
| #define HAVE_STD_IS_TRIVIALLY_DESTRUCTIBLE 1
| #define HAVE_STD_IS_RVALUE_REFERENCE 1
| #define HAVE_JEMALLOC 1
| #define HAVE_OFF_T_IS_LONG 1
| #define HAVE_INT64_T_IS_LONG 1
| /* end confdefs.h.  */
| #include <stdio.h>
| int f(size_t) {return 0;} int f(unsigned long) {return 0;}
| int
| main (void)
| {
| 
|   ;
|   return 0;
| }
configure:6713: result: yes
configure:6724: checking whether size_t and unsigned long long are the same type
configure:6742: /usr/bin/g++ -c -g -W -Wall -O3  conftest.cpp >&5
configure:6742: $? = 0
configure:6750: result: no
configure:6760: checking for long long
configure:6760: /usr/bin/g++ -c -g -W -Wall -O3  conftest.cpp >&5
configure:6760: $? = 0
configure:6760: /usr/bin/g++ -c -g -W -Wall -O3  conftest.cpp >&5
conftest.cpp: In function 'int main()':
conftest.cpp:91:14: error: expected primary-expression before 'long'
   91 | if (sizeof ((long long)))
      |              ^~~~
conftest.cpp:91:14: error: expected ')' before 'long'
   91 | if (sizeof ((long long)))
      |             ~^~~~
      |              )
conftest.cpp:92:21: error: expected ')' before ';' token
   92 |             return 0;
      |                     ^
      |                     )
conftest.cpp:91:12: note: to match this '('
   91 | if (sizeof ((long long)))
      |            ^
conftest.cpp:92:21: error: expected ')' before ';' token
   92 |             return 0;
      |                     ^
      |                     )
conftest.cpp:91:4: note: to match this '('
   91 | if (sizeof ((long long)))
      |    ^
conftest.cpp:92:21: warning: suggest braces around empty body in an 'if' statement [-Wempty-body]
   92 |             return 0;
      |                     ^
configure:6760: $? = 1
configure: failed program was:
| /* confdefs.h */
| #define PACKAGE_NAME "masstree-beta"
| #define PACKAGE_TARNAME "masstree-beta"
| #define PACKAGE_VERSION "0.1"
| #define PACKAGE_STRING "masstree-beta 0.1"
| #define PACKAGE_BUGREPORT ""
| #define PACKAGE_URL ""
| #define WORDS_BIGENDIAN_SET 1
| #define HAVE_STDIO_H 1
| #define HAVE_STDLIB_H 1
| #define HAVE_STRING_H 1
| #define HAVE_INTTYPES_H 1
| #define HAVE_STDINT_H 1
| #define HAVE_STRINGS_H 1
| #define HAVE_SYS_STAT_H 1
| #define HAVE_SYS_TYPES_H 1
| #define HAVE_UNISTD_H 1
| #define STDC_HEADERS 1
| #define HAVE_SYS_EPOLL_H 1
| #define HAVE_NUMA_H 1
| #define HAVE_LIBNUMA 1
| #define HAVE___BUILTIN_CLZ 1
| #define HAVE___BUILTIN_CLZL 1
| #define HAVE___BUILTIN_CLZLL 1
| #define HAVE___BUILTIN_CTZ 1
| #define HAVE___BUILTIN_CTZL 1
| #define HAVE___BUILTIN_CTZLL 1
| #define HAVE___SYNC_SYNCHRONIZE 1
| #define HAVE___SYNC_FETCH_AND_ADD 1
| #define HAVE___SYNC_ADD_AND_FETCH 1
| #define HAVE___SYNC_FETCH_AND_ADD_8 1
| #define HAVE___SYNC_ADD_AND_FETCH_8 1
| #define HAVE___SYNC_FETCH_AND_OR 1
| #define HAVE___SYNC_OR_AND_FETCH 1
| #define HAVE___SYNC_FETCH_AND_OR_8 1
| #define HAVE___SYNC_OR_AND_FETCH_8 1
| #define HAVE___SYNC_BOOL_COMPARE_AND_SWAP 1
| #define HAVE___SYNC_BOOL_COMPARE_AND_SWAP_8 1
| #define HAVE___SYNC_VAL_COMPARE_AND_SWAP 1
| #define HAVE___SYNC_VAL_COMPARE_AND_SWAP_8 1
| #define HAVE___SYNC_LOCK_TEST_AND_SET 1
| #define HAVE___SYNC_LOCK_TEST_AND_SET_VAL 1
| #define HAVE___SYNC_LOCK_RELEASE_SET 1
| #define HAVE_CXX_CONSTEXPR 1
| #define HAVE_CXX_STATIC_ASSERT 1
| #define HAVE_CXX_RVALUE_REFERENCES 1
| #define HAVE_CXX_TEMPLATE_ALIAS 1
| #define HAVE_TYPE_TRAITS 1
| #define HAVE_STD_HASH 1
| #define HAVE___HAS_TRIVIAL_COPY 1
| #define HAVE___HAS_TRIVIAL_DESTRUCTOR 1
| #define HAVE_STD_IS_TRIVIALLY_COPYABLE 1
| #define HAVE_STD_IS_TRIVIALLY_DESTRUCTIBLE 1
| #define HAVE_STD_IS_RVALUE_REFERENCE 1
| #define HAVE_JEMALLOC 1
| #define HAVE_OFF_T_IS_LONG 1
| #define HAVE_INT64_T_IS_LONG 1
| #define HAVE_SIZE_T_IS_UNSIGNED_LONG 1
| /* end confdefs.h.  */
| #include <stddef.h>
| #ifdef HAVE_STDIO_H
| # include <stdio.h>
| #endif
| #ifdef HAVE_STDLIB_H
| # include <stdlib.h>
| #endif
| #ifdef HAVE_STRING_H
| # include <string.h>
| #endif
| #ifdef HAVE_INTTYPES_H
| # include <inttypes.h>
| #endif
| #ifdef HAVE_STDINT_H
| # include <stdint.h>
| #endif
| #ifdef HAVE_STRINGS_H
| # include <strings.h>
| #endif
| #ifdef HAVE_SYS_TYPES_H
| # include <sys/types.h>
| #endif
| #ifdef HAVE_SYS_STAT_H
| # include <sys/stat.h>
| #endif
| #ifdef HAVE_UNISTD_H
| # include <unistd.h>
| #endif
| int
| main (void)
| {
| if (sizeof ((long long)))
| 	    return 0;
|   ;
|   return 0;
| }
configure:6760: result: yes
configure:6773: checking size of short
configure:6779: /usr/bin/g++ -o conftest -g -W -Wall -O3   conftest.cpp -lnuma  >&5
configure:6779: $? = 0
configure:6779: ./conftest
configure:6779: $? = 0
configure:6794: result: 2
configure:6806: checking size of int
configure:6812: /usr/bin/g++ -o conftest -g -W -Wall -O3   conftest.cpp -lnuma  >&5
configure:6812: $? = 0
configure:6812: ./conftest
configure:6812: $? = 0
configure:6827: result: 4
configure:6839: checking size of long
configure:6845: /usr/bin/g++ -o conftest -g -W -Wall -O3   conftest.cpp -lnuma  >&5
configure:6845: $? = 0
configure:6845: ./conftest
configure:6845: $? = 0
configure:6860: result: 8
configure:6872: checking size of long long
configure:6878: /usr/bin/g++ -o conftest -g -W -Wall -O3   conftest.cpp -lnuma  >&5
configure:6878: $? = 0
configure:6878: ./conftest
configure:6878: $? = 0
configure:6893: result: 8
configure:6905: checking size of void *
configure:6911: /usr/bin/g++ -o conftest -g -W -Wall -O3   conftest.cpp -lnuma  >&5
configure:6911: $? = 0
configure:6911: ./conftest
configure:6911: $? = 0
configure:6926: result: 8
configure:6935: checking for /usr/bin/g++ options needed to detect all undeclared functions
configure:6957: /usr/bin/g++ -c -g -W -Wall -O3  conftest.cpp >&5
conftest.cpp: In function 'int main()':
conftest.cpp:70:8: error: 'strchr' was not declared in this scope
   70 | (void) strchr;
      |        ^~~~~~
conftest.cpp:1:1: note: 'strchr' is defined in header '<cstring>'; did you forget to '#include <cstring>'?
    1 | /* confdefs.h */
configure:6957: $? = 1
configure: failed program was:
| /* confdefs.h */
| #define PACKAGE_NAME "masstree-beta"
| #define PACKAGE_TARNAME "masstree-beta"
| #define PACKAGE_VERSION "0.1"
| #define PACKAGE_STRING "masstree-beta 0.1"
| #define PACKAGE_BUGREPORT ""
| #define PACKAGE_URL ""
| #define WORDS_BIGENDIAN_SET 1
| #define HAVE_STDIO_H 1
| #define HAVE_STDLIB_H 1
| #define HAVE_STRING_H 1
| #define HAVE_INTTYPES_H 1
| #define HAVE_STDINT_H 1
| #define HAVE_STRINGS_H 1
| #define HAVE_SYS_STAT_H 1
| #define HAVE_SYS_TYPES_H 1
| #define HAVE_UNISTD_H 1
| #define STDC_HEADERS 1
| #define HAVE_SYS_EPOLL_H 1
| #define HAVE_NUMA_H 1
| #define HAVE_LIBNUMA 1
| #define HAVE___BUILTIN_CLZ 1
| #define HAVE___BUILTIN_CLZL 1
| #define HAVE___BUILTIN_CLZLL 1
| #define HAVE___BUILTIN_CTZ 1
| #define HAVE___BUILTIN_CTZL 1
| #define HAVE___BUILTIN_CTZLL 1
| #define HAVE___SYNC_SYNCHRONIZE 1
| #define HAVE___SYNC_FETCH_AND_ADD 1
| #define HAVE___SYNC_ADD_AND_FETCH 1
| #define HAVE___SYNC_FETCH_AND_ADD_8 1
| #define HAVE___SYNC_ADD_AND_FETCH_8 1
| #define HAVE___SYNC_FETCH_AND_OR 1
| #define HAVE___SYNC_OR_AND_FETCH 1
| #define HAVE___SYNC_FETCH_AND_OR_8 1
| #define HAVE___SYNC_OR_AND_FETCH_8 1
| #define HAVE___SYNC_BOOL_COMPARE_AND_SWAP 1
| #define HAVE___SYNC_BOOL_COMPARE_AND_SWAP_8 1
| #define HAVE___SYNC_VAL_COMPARE_AND_SWAP 1
| #define HAVE___SYNC_VAL_COMPARE_AND_SWAP_8 1
| #define HAVE___SYNC_LOCK_TEST_AND_SET 1
| #define HAVE___SYNC_LOCK_TEST_AND_SET_VAL 1
| #define HAVE___SYNC_LOCK_RELEASE_SET 1
| #define HAVE_CXX_CONSTEXPR 1
| #define HAVE_CXX_STATIC_ASSERT 1
| #define HAVE_CXX_RVALUE_REFERENCES 1
| #define HAVE_CXX_TEMPLATE_ALIAS 1
| #define HAVE_TYPE_TRAITS 1
| #define HAVE_STD_HASH 1
| #define HAVE___HAS_TRIVIAL_COPY 1
| #define HAVE___HAS_TRIVIAL_DESTRUCTOR 1
| #define HAVE_STD_IS_TRIVIALLY_COPYABLE 1
| #define HAVE_STD_IS_TRIVIALLY_DESTRUCTIBLE 1
| #define HAVE_STD_IS_RVALUE_REFERENCE 1
| #define HAVE_JEMALLOC 1
| #define HAVE_OFF_T_IS_LONG 1
| #define HAVE_INT64_T_IS_LONG 1
| #define HAVE_SIZE_T_IS_UNSIGNED_LONG 1
| #define HAVE_LONG_LONG 1
| #define SIZEOF_SHORT 2
| #define SIZEOF_INT 4
| #define SIZEOF_LONG 8
| #define SIZEOF_LONG_LONG 8
| #define SIZEOF_VOID_P 8
| /* end confdefs.h.  */
| 
| int
| main (void)
| {
| (void) strchr;
|   ;
|   return 0;
| }
configure:6984: /usr/bin/g++ -c -g -W -Wall -O3  conftest.cpp >&5
configure:6984: $? = 0
configure:7001: result: none needed
configure:7015: checking whether getline is declared
configure:7015: /usr/bin/g++ -c -g -W -Wall -O3   conftest.cpp >&5
configure:7015: $? = 0
configure:7015: result: yes
configure:7025: checking for time.h
configure:7025: /usr/bin/g++ -c -g -W -Wall -O3  conftest.cpp >&5
configure:7025: $? = 0
configure:7025: result: yes
configure:7031: checking for execinfo.h
configure:7031: /usr/bin/g++ -c -g -W -Wall -O3  conftest.cpp >&5
configure:7031: $? = 0
configure:7031: result: yes
configure:7038: checking whether clock_gettime is declared
configure:7038: /usr/bin/g++ -c -g -W -Wall -O3   conftest.cpp >&5
configure:7038: $? = 0
configure:7038: result: yes
configure:7050: checking for library containing clock_gettime
configure:7079: /usr/bin/g++ -o conftest -g -W -Wall -O3   conftest.cpp -lnuma  >&5
configure:7079: $? = 0
configure:7099: result: none required
configure:7108: checking for clock_gettime
configure:7108: /usr/bin/g++ -o conftest -g -W -Wall -O3   conftest.cpp -lnuma  >&5
configure:7108: $? = 0
configure:7108: result: yes
configure:7115: checking for library containing backtrace
configure:7144: /usr/bin/g++ -o conftest -g -W -Wall -O3   conftest.cpp -lnuma  >&5
configure:7144: $? = 0
configure:7164: result: none required
configure:7215: checking whether MADV_HUGEPAGE is supported
configure:7222: checking how to run the C++ preprocessor
configure:7244: /usr/bin/g++ -E  conftest.cpp
configure:7244: $? = 0
configure:7259: /usr/bin/g++ -E  conftest.cpp
conftest.cpp:73:10: fatal error: ac_nonexistent.h: No such file or directory
   73 | #include <ac_nonexistent.h>
      |          ^~~~~~~~~~~~~~~~~~
compilation terminated.
configure:7259: $? = 1
configure: failed program was:
| /* confdefs.h */
| #define PACKAGE_NAME "masstree-beta"
| #define PACKAGE_TARNAME "masstree-beta"
| #define PACKAGE_VERSION "0.1"
| #define PACKAGE_STRING "masstree-beta 0.1"
| #define PACKAGE_BUGREPORT ""
| #define PACKAGE_URL ""
| #define WORDS_BIGENDIAN_SET 1
| #define HAVE_STDIO_H 1
| #define HAVE_STDLIB_H 1
| #define HAVE_STRING_H 1
| #define HAVE_INTTYPES_H 1
| #define HAVE_STDINT_H 1
| #define HAVE_STRINGS_H 1
| #define HAVE_SYS_STAT_H 1
| #define HAVE_SYS_TYPES_H 1
| #define HAVE_UNISTD_H 1
| #define STDC_HEADERS 1
| #define HAVE_SYS_EPOLL_H 1
| #define HAVE_NUMA_H 1
| #define HAVE_LIBNUMA 1
| #define HAVE___BUILTIN_CLZ 1
| #define HAVE___BUILTIN_CLZL 1
| #define HAVE___BUILTIN_CLZLL 1
| #define HAVE___BUILTIN_CTZ 1
| #define HAVE___BUILTIN_CTZL 1
| #define HAVE___BUILTIN_CTZLL 1
| #define HAVE___SYNC_SYNCHRONIZE 1
| #define HAVE___SYNC_FETCH_AND_ADD 1
| #define HAVE___SYNC_ADD_AND_FETCH 1
| #define HAVE___SYNC_FETCH_AND_ADD_8 1
| #define HAVE___SYNC_ADD_AND_FETCH_8 1
| #define HAVE___SYNC_FETCH_AND_OR 1
| #define HAVE___SYNC_OR_AND_FETCH 1
| #define HAVE___SYNC_FETCH_AND_OR_8 1
| #define HAVE___SYNC_OR_AND_FETCH_8 1
| #define HAVE___SYNC_BOOL_COMPARE_AND_SWAP 1
| #define HAVE___SYNC_BOOL_COMPARE_AND_SWAP_8 1
| #define HAVE___SYNC_VAL_COMPARE_AND_SWAP 1
| #define HAVE___SYNC_VAL_COMPARE_AND_SWAP_8 1
| #define HAVE___SYNC_LOCK_TEST_AND_SET 1
| #define HAVE___SYNC_LOCK_TEST_AND_SET_VAL 1
| #define HAVE___SYNC_LOCK_RELEASE_SET 1
| #define HAVE_CXX_CONSTEXPR 1
| #define HAVE_CXX_STATIC_ASSERT 1
| #define HAVE_CXX_RVALUE_REFERENCES 1
| #define HAVE_CXX_TEMPLATE_ALIAS 1
| #define HAVE_TYPE_TRAITS 1
| #define HAVE_STD_HASH 1
| #define HAVE___HAS_TRIVIAL_COPY 1
| #define HAVE___HAS_TRIVIAL_DESTRUCTOR 1
| #define HAVE_STD_IS_TRIVIALLY_COPYABLE 1
| #define HAVE_STD_IS_TRIVIALLY_DESTRUCTIBLE 1
| #define HAVE_STD_IS_RVALUE_REFERENCE 1
| #define HAVE_JEMALLOC 1
| #define HAVE_OFF_T_IS_LONG 1
| #define HAVE_INT64_T_IS_LONG 1
| #define HAVE_SIZE_T_IS_UNSIGNED_LONG 1
| #define HAVE_LONG_LONG 1
| #define SIZEOF_SHORT 2
| #define SIZEOF_INT 4
| #define SIZEOF_LONG 8
| #define SIZEOF_LONG_LONG 8
| #define SIZEOF_VOID_P 8
| #define HAVE_DECL_GETLINE 1
| #define HAVE_TIME_H 1
| #define HAVE_EXECINFO_H 1
| #define HAVE_DECL_CLOCK_GETTIME 1
| #define HAVE_CLOCK_GETTIME 1
| #define MASSTREE_ROW_TYPE_BAG 1
| #define MASSTREE_MAXKEYLEN 1024
| /* end confdefs.h.  */
| #include <ac_nonexistent.h>
configure:7286: result: /usr/bin/g++ -E
configure:7300: /usr/bin/g++ -E  conftest.cpp
configure:7300: $? = 0
configure:7315: /usr/bin/g++ -E  conftest.cpp
conftest.cpp:73:10: fatal error: ac_nonexistent.h: No such file or directory
   73 | #include <ac_nonexistent.h>
      |          ^~~~~~~~~~~~~~~~~~
compilation terminated.
configure:7315: $? = 1
configure: failed program was:
| /* confdefs.h */
| #define PACKAGE_NAME "masstree-beta"
| #define PACKAGE_TARNAME "masstree-beta"
| #define PACKAGE_VERSION "0.1"
| #define PACKAGE_STRING "masstree-beta 0.1"
| #define PACKAGE_BUGREPORT ""
| #define PACKAGE_URL ""
| #define WORDS_BIGENDIAN_SET 1
| #define HAVE_STDIO_H 1
| #define HAVE_STDLIB_H 1
| #define HAVE_STRING_H 1
| #define HAVE_INTTYPES_H 1
| #define HAVE_STDINT_H 1
| #define HAVE_STRINGS_H 1
| #define HAVE_SYS_STAT_H 1
| #define HAVE_SYS_TYPES_H 1
| #define HAVE_UNISTD_H 1
| #define STDC_HEADERS 1
| #define HAVE_SYS_EPOLL_H 1
| #define HAVE_NUMA_H 1
| #define HAVE_LIBNUMA 1
| #define HAVE___BUILTIN_CLZ 1
| #define HAVE___BUILTIN_CLZL 1
| #define HAVE___BUILTIN_CLZLL 1
| #define HAVE___BUILTIN_CTZ 1
| #define HAVE___BUILTIN_CTZL 1
| #define HAVE___BUILTIN_CTZLL 1
| #define HAVE___SYNC_SYNCHRONIZE 1
| #define HAVE___SYNC_FETCH_AND_ADD 1
| #define HAVE___SYNC_ADD_AND_FETCH 1
| #define HAVE___SYNC_FETCH_AND_ADD_8 1
| #define HAVE___SYNC_ADD_AND_FETCH_8 1
| #define HAVE___SYNC_FETCH_AND_OR 1
| #define HAVE___SYNC_OR_AND_FETCH 1
| #define HAVE___SYNC_FETCH_AND_OR_8 1
| #define HAVE___SYNC_OR_AND_FETCH_8 1
| #define HAVE___SYNC_BOOL_COMPARE_AND_SWAP 1
| #define HAVE___SYNC_BOOL_COMPARE_AND_SWAP_8 1
| #define HAVE___SYNC_VAL_COMPARE_AND_SWAP 1
| #define HAVE___SYNC_VAL_COMPARE_AND_SWAP_8 1
| #define HAVE___SYNC_LOCK_TEST_AND_SET 1
| #define HAVE___SYNC_LOCK_TEST_AND_SET_VAL 1
| #define HAVE___SYNC_LOCK_RELEASE_SET 1
| #define HAVE_CXX_CONSTEXPR 1
| #define HAVE_CXX_STATIC_ASSERT 1
| #define HAVE_CXX_RVALUE_REFERENCES 1
| #define HAVE_CXX_TEMPLATE_ALIAS 1
| #define HAVE_TYPE_TRAITS 1
| #define HAVE_STD_HASH 1
| #define HAVE___HAS_TRIVIAL_COPY 1
| #define HAVE___HAS_TRIVIAL_DESTRUCTOR 1
| #define HAVE_STD_IS_TRIVIALLY_COPYABLE 1
| #define HAVE_STD_IS_TRIVIALLY_DESTRUCTIBLE 1
| #define HAVE_STD_IS_RVALUE_REFERENCE 1
| #define HAVE_JEMALLOC 1
| #define HAVE_OFF_T_IS_LONG 1
| #define HAVE_INT64_T_IS_LONG 1
| #define HAVE_SIZE_T_IS_UNSIGNED_LONG 1
| #define HAVE_LONG_LONG 1
| #define SIZEOF_SHORT 2
| #define SIZEOF_INT 4
| #define SIZEOF_LONG 8
| #define SIZEOF_LONG_LONG 8
| #define SIZEOF_VOID_P 8
| #define HAVE_DECL_GETLINE 1
| #define HAVE_TIME_H 1
| #define HAVE_EXECINFO_H 1
| #define HAVE_DECL_CLOCK_GETTIME 1
| #define HAVE_CLOCK_GETTIME 1
| #define MASSTREE_ROW_TYPE_BAG 1
| #define MASSTREE_MAXKEYLEN 1024
| /* end confdefs.h.  */
| #include <ac_nonexistent.h>
configure:7360: /usr/bin/g++ -E  conftest.cpp
configure:7360: $? = 0
configure:7367: result: yes
configure:7375: checking whether MAP_HUGETLB is supported
configure:7391: /usr/bin/g++ -E  conftest.cpp
configure:7391: $? = 0
configure:7398: result: yes
configure:7607: creating ./config.status

## ---------------------- ##
## Running config.status. ##
## ---------------------- ##

This file was extended by masstree-beta config.status 0.1, which was
generated by GNU Autoconf 2.71.  Invocation command line was

  CONFIG_FILES    = 
  CONFIG_HEADERS  = 
  CONFIG_LINKS    = 
  CONFIG_COMMANDS = 
  $ ./config.status 

on zoo-005

config.status:857: creating GNUmakefile
config.status:857: creating config.h

## ---------------- ##
## Cache variables. ##
## ---------------- ##

ac_cv_c_bigendian=no
ac_cv_c_compiler_gnu=yes
ac_cv_cxx_auto=yes
ac_cv_cxx_compiler_gnu=yes
ac_cv_cxx_constexpr=yes
ac_cv_cxx_rvalue_references=yes
ac_cv_cxx_static_assert=yes
ac_cv_cxx_template_alias=yes
ac_cv_cxx_undeclared_builtin_options='none needed'
ac_cv_env_CCC_set=
ac_cv_env_CCC_value=
ac_cv_env_CC_set=set
ac_cv_env_CC_value=/usr/bin/gcc
ac_cv_env_CFLAGS_set=
ac_cv_env_CFLAGS_value=
ac_cv_env_CPPFLAGS_set=
ac_cv_env_CPPFLAGS_value=
ac_cv_env_CXXCPP_set=
ac_cv_env_CXXCPP_value=
ac_cv_env_CXXFLAGS_set=
ac_cv_env_CXXFLAGS_value=
ac_cv_env_CXX_set=set
ac_cv_env_CXX_value=/usr/bin/g++
ac_cv_env_LDFLAGS_set=
ac_cv_env_LDFLAGS_value=
ac_cv_env_LIBS_set=
ac_cv_env_LIBS_value=
ac_cv_env_build_alias_set=
ac_cv_env_build_alias_value=
ac_cv_env_host_alias_set=
ac_cv_env_host_alias_value=
ac_cv_env_target_alias_set=
ac_cv_env_target_alias_value=
ac_cv_func_clock_gettime=yes
ac_cv_have___builtin_clz=yes
ac_cv_have___builtin_clzl=yes
ac_cv_have___builtin_clzll=yes
ac_cv_have___builtin_ctz=yes
ac_cv_have___builtin_ctzl=yes
ac_cv_have___builtin_ctzll=yes
ac_cv_have___has_trivial_copy=yes
ac_cv_have___has_trivial_destructor=yes
ac_cv_have___sync_add_and_fetch=yes
ac_cv_have___sync_add_and_fetch_8=yes
ac_cv_have___sync_bool_compare_and_swap=yes
ac_cv_have___sync_bool_compare_and_swap_8=yes
ac_cv_have___sync_fetch_and_add=yes
ac_cv_have___sync_fetch_and_add_8=yes
ac_cv_have___sync_fetch_and_or=yes
ac_cv_have___sync_fetch_and_or_8=yes
ac_cv_have___sync_lock_release_set=yes
ac_cv_have___sync_lock_test_and_set=yes
ac_cv_have___sync_lock_test_and_set_val=yes
ac_cv_have___sync_or_and_fetch=yes
ac_cv_have___sync_or_and_fetch_8=yes
ac_cv_have___sync_synchronize=yes
ac_cv_have___sync_val_compare_and_swap=yes
ac_cv_have___sync_val_compare_and_swap_8=yes
ac_cv_have_decl_clock_gettime=yes
ac_cv_have_decl_getline=yes
ac_cv_have_same_type_int64_t_is_long=yes
ac_cv_have_same_type_int64_t_is_long_long=no
ac_cv_have_same_type_off_t_is_long=yes
ac_cv_have_same_type_off_t_is_long_long=no
ac_cv_have_same_type_size_t_is_unsigned=no
ac_cv_have_same_type_size_t_is_unsigned_long=yes
ac_cv_have_same_type_size_t_is_unsigned_long_long=no
ac_cv_have_std_hash=yes
ac_cv_have_std_is_rvalue_reference=yes
ac_cv_have_std_is_trivially_copyable=yes
ac_cv_have_std_is_trivially_destructible=yes
ac_cv_header_execinfo_h=yes
ac_cv_header_inttypes_h=yes
ac_cv_header_numa_h=yes
ac_cv_header_stdint_h=yes
ac_cv_header_stdio_h=yes
ac_cv_header_stdlib_h=yes
ac_cv_header_string_h=yes
ac_cv_header_strings_h=yes
ac_cv_header_sys_epoll_h=yes
ac_cv_header_sys_stat_h=yes
ac_cv_header_sys_types_h=yes
ac_cv_header_time_h=yes
ac_cv_header_type_traits=yes
ac_cv_header_unistd_h=yes
ac_cv_lib_flow_malloc=no
ac_cv_lib_hoard__Z16getMainHoardHeapv=no
ac_cv_lib_jemalloc_mallctl=yes
ac_cv_lib_tcmalloc_minimal_tc_malloc=yes
ac_cv_max_key_len=1024
ac_cv_objext=o
ac_cv_prog_CXXCPP='/usr/bin/g++ -E'
ac_cv_prog_ac_ct_CC=/usr/bin/gcc
ac_cv_prog_cc_c11=
ac_cv_prog_cc_g=yes
ac_cv_prog_cc_stdc=
ac_cv_prog_cxx_cxx11=
ac_cv_prog_cxx_g=yes
ac_cv_prog_cxx_stdcxx=
ac_cv_row_type=bag
ac_cv_search_backtrace='none required'
ac_cv_search_clock_gettime='none required'
ac_cv_search_numa_available=-lnuma
ac_cv_sizeof_int=4
ac_cv_sizeof_long=8
ac_cv_sizeof_long_long=8
ac_cv_sizeof_short=2
ac_cv_sizeof_void_p=8
ac_cv_std_move=yes
ac_cv_type_long_long=yes

## ----------------- ##
## Output variables. ##
## ----------------- ##

CC='/usr/bin/gcc'
CFLAGS='-g -O2'
CPPFLAGS=''
CXX='/usr/bin/g++'
CXXCPP='/usr/bin/g++ -E'
CXXFLAGS='-g -W -Wall -O3'
DEFS='-DHAVE_CONFIG_H'
ECHO_C=''
ECHO_N='-n'
ECHO_T=''
EXEEXT=''
LDFLAGS=''
LIBOBJS=''
LIBS='-lnuma '
LTLIBOBJS=''
MALLOC_LIBS='-ljemalloc'
OBJEXT='o'
PACKAGE_BUGREPORT=''
PACKAGE_NAME='masstree-beta'
PACKAGE_STRING='masstree-beta 0.1'
PACKAGE_TARNAME='masstree-beta'
PACKAGE_URL=''
PACKAGE_VERSION='0.1'
PATH_SEPARATOR=':'
SHELL='/bin/bash'
ac_configure_args=' '\''CC=/usr/bin/gcc'\'' '\''CXX=/usr/bin/g++'\'' '\''--enable-max-key-len=1024'\'' '\''--enable-assertions'\'' '\''--disable-invariants'\'' '\''--disable-preconditions'\'' '\''--with-malloc=jemalloc'\'''
ac_ct_CC='/usr/bin/gcc'
ac_ct_CXX=''
bindir='${exec_prefix}/bin'
build_alias=''
datadir='${datarootdir}'
datarootdir='${prefix}/share'
docdir='${datarootdir}/doc/${PACKAGE_TARNAME}'
dvidir='${docdir}'
exec_prefix='${prefix}'
host_alias=''
htmldir='${docdir}'
includedir='${prefix}/include'
infodir='${datarootdir}/info'
libdir='${exec_prefix}/lib'
libexecdir='${exec_prefix}/libexec'
localedir='${datarootdir}/locale'
localstatedir='${prefix}/var'
mandir='${datarootdir}/man'
oldincludedir='/usr/include'
pdfdir='${docdir}'
prefix='/usr/local'
program_transform_name='s,x,x,'
psdir='${docdir}'
runstatedir='${localstatedir}/run'
sbindir='${exec_prefix}/sbin'
sharedstatedir='${prefix}/com'
sysconfdir='${prefix}/etc'
target_alias=''

## ----------- ##
## confdefs.h. ##
## ----------- ##

/* confdefs.h */
#define PACKAGE_NAME "masstree-beta"
#define PACKAGE_TARNAME "masstree-beta"
#define PACKAGE_VERSION "0.1"
#define PACKAGE_STRING "masstree-beta 0.1"
#define PACKAGE_BUGREPORT ""
#define PACKAGE_URL ""
#define WORDS_BIGENDIAN_SET 1
#define HAVE_STDIO_H 1
#define HAVE_STDLIB_H 1
#define HAVE_STRING_H 1
#define HAVE_INTTYPES_H 1
#define HAVE_STDINT_H 1
#define HAVE_STRINGS_H 1
#define HAVE_SYS_STAT_H 1
#define HAVE_SYS_TYPES_H 1
#define HAVE_UNISTD_H 1
#define STDC_HEADERS 1
#define HAVE_SYS_EPOLL_H 1
#define HAVE_NUMA_H 1
#define HAVE_LIBNUMA 1
#define HAVE___BUILTIN_CLZ 1
#define HAVE___BUILTIN_CLZL 1
#define HAVE___BUILTIN_CLZLL 1
#define HAVE___BUILTIN_CTZ 1
#define HAVE___BUILTIN_CTZL 1
#define HAVE___BUILTIN_CTZLL 1
#define HAVE___SYNC_SYNCHRONIZE 1
#define HAVE___SYNC_FETCH_AND_ADD 1
#define HAVE___SYNC_ADD_AND_FETCH 1
#define HAVE___SYNC_FETCH_AND_ADD_8 1
#define HAVE___SYNC_ADD_AND_FETCH_8 1
#define HAVE___SYNC_FETCH_AND_OR 1
#define HAVE___SYNC_OR_AND_FETCH 1
#define HAVE___SYNC_FETCH_AND_OR_8 1
#define HAVE___SYNC_OR_AND_FETCH_8 1
#define HAVE___SYNC_BOOL_COMPARE_AND_SWAP 1
#define HAVE___SYNC_BOOL_COMPARE_AND_SWAP_8 1
#define HAVE___SYNC_VAL_COMPARE_AND_SWAP 1
#define HAVE___SYNC_VAL_COMPARE_AND_SWAP_8 1
#define HAVE___SYNC_LOCK_TEST_AND_SET 1
#define HAVE___SYNC_LOCK_TEST_AND_SET_VAL 1
#define HAVE___SYNC_LOCK_RELEASE_SET 1
#define HAVE_CXX_CONSTEXPR 1
#define HAVE_CXX_STATIC_ASSERT 1
#define HAVE_CXX_RVALUE_REFERENCES 1
#define HAVE_CXX_TEMPLATE_ALIAS 1
#define HAVE_TYPE_TRAITS 1
#define HAVE_STD_HASH 1
#define HAVE___HAS_TRIVIAL_COPY 1
#define HAVE___HAS_TRIVIAL_DESTRUCTOR 1
#define HAVE_STD_IS_TRIVIALLY_COPYABLE 1
#define HAVE_STD_IS_TRIVIALLY_DESTRUCTIBLE 1
#define HAVE_STD_IS_RVALUE_REFERENCE 1
#define HAVE_JEMALLOC 1
#define HAVE_OFF_T_IS_LONG 1
#define HAVE_INT64_T_IS_LONG 1
#define HAVE_SIZE_T_IS_UNSIGNED_LONG 1
#define HAVE_LONG_LONG 1
#define SIZEOF_SHORT 2
#define SIZEOF_INT 4
#define SIZEOF_LONG 8
#define SIZEOF_LONG_LONG 8
#define SIZEOF_VOID_P 8
#define HAVE_DECL_GETLINE 1
#define HAVE_TIME_H 1
#define HAVE_EXECINFO_H 1
#define HAVE_DECL_CLOCK_GETTIME 1
#define HAVE_CLOCK_GETTIME 1
#define MASSTREE_ROW_TYPE_BAG 1
#define MASSTREE_MAXKEYLEN 1024
#define HAVE_MADV_HUGEPAGE 1
#define HAVE_MAP_HUGETLB 1
#define HAVE_SUPERPAGE 1
#define ENABLE_ASSERTIONS 1
#define ENABLE_PRECONDITIONS 0
#define ENABLE_INVARIANTS 0
#define CACHE_LINE_SIZE 64
#define HAVE_UNALIGNED_ACCESS 1

configure: exit 0
